<?xml version="1.0" encoding="UTF-8"?>
<!-- Generated by org.testng.reporters.JUnitReportReporter -->
<testsuite hostname="DESKTOP-0KDH7GD" failures="0" tests="1" name="vtigerFinalScripts.CreateOrganizationTest" time="20.488" errors="0" timestamp="2023-08-23T22:41:19 PDT" skipped="0">
  <testcase classname="vtigerFinalScripts.CreateOrganizationTest" name="createOrgTest" time="20.488"/>
</testsuite> <!-- vtigerFinalScripts.CreateOrganizationTest -->
